<?xml version="1.0" encoding="UTF-8"?>
<testng-results skipped="0" failed="0" ignored="0" total="1" passed="1">
  <reporter-output>
    <line>
      <![CDATA[<div "result">I navigate to google homepage (PASSED : 1s)</div>]]>
    </line>
    <line>
      <![CDATA[<div "result">i enter a keyword to search (PASSED : 0s)</div>]]>
    </line>
    <line>
      <![CDATA[<div "result">I click on the search button (PASSED : 0s)</div>]]>
    </line>
    <line>
      <![CDATA[<div "result">i should be able to see the title contains the keyword (PASSED : 0s)</div>]]>
    </line>
  </reporter-output>
  <suite name="Suite" duration-ms="4283" started-at="2018-02-27T19:26:04Z" finished-at="2018-02-27T19:26:08Z">
    <groups>
      <group name="cucumber">
        <method signature="AbstractTestNGCucumberTests.runScenario(cucumber.api.testng.PickleEventWrapper, cucumber.api.testng.CucumberFeatureWrapper)[pri:0, instance:runnerPackage.testRunner@7ca48474]" name="runScenario" class="cucumber.api.testng.AbstractTestNGCucumberTests"/>
      </group> <!-- cucumber -->
    </groups>
    <test name="Test" duration-ms="4283" started-at="2018-02-27T19:26:04Z" finished-at="2018-02-27T19:26:08Z">
      <class name="runnerPackage.testRunner">
        <test-method status="PASS" signature="setup()[pri:0, instance:runnerPackage.testRunner@7ca48474]" name="setup" is-config="true" duration-ms="1595" started-at="2018-02-27T19:26:04Z" finished-at="2018-02-27T19:26:05Z">
          <reporter-output>
          </reporter-output>
        </test-method> <!-- setup -->
        <test-method status="PASS" signature="setUpClass()[pri:0, instance:runnerPackage.testRunner@7ca48474]" name="setUpClass" is-config="true" duration-ms="128" started-at="2018-02-27T19:26:05Z" finished-at="2018-02-27T19:26:05Z">
          <reporter-output>
          </reporter-output>
        </test-method> <!-- setUpClass -->
        <test-method status="PASS" signature="runScenario(cucumber.api.testng.PickleEventWrapper, cucumber.api.testng.CucumberFeatureWrapper)[pri:0, instance:runnerPackage.testRunner@7ca48474]" name="runScenario" duration-ms="2415" started-at="2018-02-27T19:26:05Z" description="Runs Cucumber Scenarios" data-provider="scenarios" finished-at="2018-02-27T19:26:08Z">
          <params>
            <param index="0">
              <value>
                <![CDATA["User searchers an item on google and check if the title matches the keyword"]]>
              </value>
            </param>
            <param index="1">
              <value>
                <![CDATA["This is just a test feature for cucumber"]]>
              </value>
            </param>
          </params>
          <reporter-output>
            <line>
              <![CDATA[<div "result">I navigate to google homepage (PASSED : 1s)</div>]]>
            </line>
            <line>
              <![CDATA[<div "result">i enter a keyword to search (PASSED : 0s)</div>]]>
            </line>
            <line>
              <![CDATA[<div "result">I click on the search button (PASSED : 0s)</div>]]>
            </line>
            <line>
              <![CDATA[<div "result">i should be able to see the title contains the keyword (PASSED : 0s)</div>]]>
            </line>
          </reporter-output>
        </test-method> <!-- runScenario -->
        <test-method status="PASS" signature="stop()[pri:0, instance:runnerPackage.testRunner@7ca48474]" name="stop" is-config="true" duration-ms="107" started-at="2018-02-27T19:26:08Z" finished-at="2018-02-27T19:26:08Z">
          <reporter-output>
          </reporter-output>
        </test-method> <!-- stop -->
        <test-method status="PASS" signature="tearDownClass()[pri:0, instance:runnerPackage.testRunner@7ca48474]" name="tearDownClass" is-config="true" duration-ms="5" started-at="2018-02-27T19:26:08Z" finished-at="2018-02-27T19:26:08Z">
          <reporter-output>
          </reporter-output>
        </test-method> <!-- tearDownClass -->
      </class> <!-- runnerPackage.testRunner -->
    </test> <!-- Test -->
  </suite> <!-- Suite -->
</testng-results>
